Using device: cuda
Loading AIN model from MBZUAI...
This may take a few minutes on first run...
AIN model loaded successfully!
Found 100 images to process

Processing 1/100: 3506468593_7e41a6d9f1.jpg
  ar_from_en...
    رجل يلتقط صورة لشلال صغير في الغابة
  ar_from_ar...
    رجل يلتقط صورة لشلال صغير في الغابة
  en_from_en...
    A young woman in a plaid shirt and shorts crouches by a stre...
  en_from_ar...
    رجل يلتقط صورة لشلال صغير في الغابة

Processing 2/100: 3042484940_0975a5e486.jpg
  ar_from_en...
    رجلان يلتقطان صورة سيلفي في الشارع
  ar_from_ar...
    رجلان يلتقطان صورة سيلفي في الشارع
  en_from_en...
    Two men take a selfie in front of a tree
  en_from_ar...
    رجلان يأخذان صورة سيلفي في الشارع

Processing 3/100: 3229519418_040f05ced1.jpg
  ar_from_en...
    تظهر الصورة مجموعة من الأشخاص يتخذون وضعيات متنوعة في صف، مع...
  ar_from_ar...
    تظهر الصورة مجموعة من السبعة أشخاص يقفون في تشكيل هرم، يتخذو...
  en_from_en...
    A group of young people in a yoga pose in front of a mural
  en_from_ar...
    تظهر مجموعة من السبعة أشخاص يقفون في تشكيل هرم، حيث يقف ثلاث...

Processing 4/100: 138718600_f430ebca17.jpg
  ar_from_en...
    امرأتان تستريحان بجانب دراجاتهما بجانب بحيرة
  ar_from_ar...
    امرأتان ترتديان نظارات شمسية تجلسان بجانب بعضهما البعض على ا...
  en_from_en...
    Two women relax with their bicycles near a tranquil pond
  en_from_ar...
    امرأتان ترتديان نظارات شمسية تجلسان بجانب بعضهما البعض بجوار...

Processing 5/100: 3358682439_be4b83544c.jpg
  ar_from_en...
    امرأتان تداعبان واقفاً في حقل عشبي
  ar_from_ar...
    امرأتان تداعبان واقفاً في حقل عشبي مع واقف بينهما
  en_from_en...
    Two women pet a wallaby in a grassy field
  en_from_ar...
    امرأتان تداعبان واقفان على العشب مع الكانغرو

Processing 6/100: 3571675421_7e07ac07c5.jpg
  ar_from_en...
    كلب يجري في الماء
  ar_from_ar...
    كلب بني يجري في الماء
  en_from_en...
    A happy brown dog splashes through shallow water
  en_from_ar...
    كلب بني يجري في الماء مع رشات حوله

Processing 7/100: 2269795781_46a296aa21.jpg
  ar_from_en...
    لاعب تنس يرتدي قميصًا أخضر يضرب الكرة
  ar_from_ar...
    رجل يرتدي قميصًا أخضر يلعب التنس
  en_from_en...
    A tennis player in a green shirt and blue cap is about to hi...
  en_from_ar...
    رجل يرتدي قبعة زرقاء يلعب التنس

Processing 8/100: 3109704348_c6416244ce.jpg
  ar_from_en...
    مباراة ركبي مثيرة تتكشف على ملعب أخضر
  ar_from_ar...
    رجلان يجريان على ملعب كرة القدم
  en_from_en...
    A rugby player in a white jersey dives towards the ball whil...
  en_from_ar...
    رجل يرتدي قميصًا أبيض يحاول أن يسقط رجلًا يرتدي قميصًا أزرق

Processing 9/100: 756004341_1a816df714.jpg
  ar_from_en...
    أطفال يرتديون نظارات شمسية في حقل عشبي
  ar_from_ar...
    يجلس طفلان على العشب، كلاهما يرتدي نظارات شمسية ويضعان ملابس...
  en_from_en...
    Two children wearing sunglasses and a brown hat pose in fron...
  en_from_ar...
    طفلان يرتديان نظارات شمسية يجلسان على العشب

Processing 10/100: 2081615901_13092cac56.jpg
  ar_from_en...
    فتاتان ترتديان ملابس متطابقة تقفان معًا
  ar_from_ar...
    فتاتان ترتديان ملابس متطابقة تقفان معًا
  en_from_en...
    Identical twins in matching outfits lean on a chain-link fen...
  en_from_ar...
    فتاتان ترتديان ملابس متطابقة تقفان معًا
Progress: 10/100 images processed (10 successful)

Processing 11/100: 540721368_12ac732c6c.jpg
  ar_from_en...
    فتاة صغيرة ترتدي فستانًا أصفر تأكل حلوى
  ar_from_ar...
    فتاة صغيرة ترتدي فستانًا أصفر تأكل موزة
  en_from_en...
    A young girl in a yellow dress with red flowers stands in fr...
  en_from_ar...
    فتاة صغيرة ترتدي فستانًا أصفر تأكل شيئًا

Processing 12/100: 2918769188_565dd48060.jpg
  ar_from_en...
    سباح يمارس التمارين في مسبح
  ar_from_ar...
    رجل يمارس السباحة في مسبح
  en_from_en...
    A swimmer's arm emerges from the water as they glide through...
  en_from_ar...
    رجل يسبح في مسبح مع خطوط زرقاء وبيضاء

Processing 13/100: 2949762776_52ece64d28.jpg
  ar_from_en...
    مباراة كرة قدم جارية مع لاعبين من الفريقين يتنافسون بشدة
  ar_from_ar...
    تظهر الصورة مباراة كرة قدم جارية مع لاعبين من فريقين يتنافسو...
  en_from_en...
    A football team huddles on the field, with a brick building ...
  en_from_ar...
    فريق كرة القدم يتنافس على ملعب مع مبنى نادي دعم البولدوغ في ...

Processing 14/100: 2921198890_6f70dfbf4c.jpg
  ar_from_en...
    كلب الراعي يتنافس في سباق على مضمار ترابي
  ar_from_ar...
    كلب الراعي يجري بسرعة على مضمار سباق
  en_from_en...
    A greyhound wearing number 4 races on a dirt track at night
  en_from_ar...
    كلب الراعي يجري على مضمار سباق في الليل

Processing 15/100: 309049466_1d7e7d5fc2.jpg
  ar_from_en...
    كلب يلعب في الثلج
  ar_from_ar...
    كلب يلعب في الثلج
  en_from_en...
    A playful dog carries a snowball in its mouth, surrounded by...
  en_from_ar...
    كلب جيرمن شيبرد يلعب في الثلج مع كرة بيضاء

Processing 16/100: 3077166963_fe172c709d.jpg
  ar_from_en...
    سيدة تلتقط صورة لوحش البوفالو في حديقة يلوستون الوطنية
  ar_from_ar...
    امرأة تلتقط صورة لوحش البوفالو في حديقة يلوستون الوطنية
  en_from_en...
    A woman with long blonde hair stands on a log bridge, observ...
  en_from_ar...
    امرأة تلتقط صورة لوحش البوفالو في حديقة يلوستون

Processing 17/100: 2157173498_2eea42ee38.jpg
  ar_from_en...
    متزلج على الثلج يقفز فوق تلة مغطاة بالثلوج
  ar_from_ar...
    متزلج على الثلج يقفز فوق تلة مغطاة بالثلوج
  en_from_en...
    A skier performs a jump off a snowy hill at sunset
  en_from_ar...
    متزلج على الثلج يقفز فوق كومة من الثلج

Processing 18/100: 3245912109_fdeef6b456.jpg
  ar_from_en...
    مجموعة من الناس يقفون في ساحة أمام مبنى كبير
  ar_from_ar...
    مجموعة من الناس يقفون في ساحة أمام مبنى كبير
  en_from_en...
    A large group of people in winter coats stands in front of a...
  en_from_ar...
    مجموعة من الناس يقفون في ساحة أمام مبنى كبير

Processing 19/100: 2288530008_4ebcee2174.jpg
  ar_from_en...
    رجل يصعد إلى قطار بخاري أسود
  ar_from_ar...
    رجل يصعد إلى قطار بخاري أسود بينما ينتظر ركاب آخرون على الرص...
  en_from_en...
    A man in a black jacket leans into a steam locomotive number...
  en_from_ar...
    رجل يرتدي سترة سوداء يصعد إلى قطار بخاري أسود

Processing 20/100: 2193223202_4d908c0450.jpg
  ar_from_en...
    صبي يساعد صديقه المصاب في الحقل
  ar_from_ar...
    صبيان يلعبان كرة القدم في حقل عشبي
  en_from_en...
    A boy in a red hoodie helps another boy with a knee injury w...
  en_from_ar...
    صبيان يلعبان كرة القدم في العشب
Progress: 20/100 images processed (20 successful)

Processing 21/100: 3400385314_a5bc062e97.jpg
  ar_from_en...
    رجل وامرأة يبتسمان للكاميرا
  ar_from_ar...
    رجل وامرأة يبتسمان للكاميرا
  en_from_en...
    A man and woman pose together for a picture
  en_from_ar...
    رجل وامرأة يبتسمان للكاميرا مع شخص آخر خلف الرجل

Processing 22/100: 3350614753_5624e181b3.jpg
  ar_from_en...
    مشاة يسيرون على جسر في المدينة
  ar_from_ar...
    يتم مشاهدة أقدام الناس بينما يمشون على الرصيف
  en_from_en...
    A group of people walking on a stone walkway
  en_from_ar...
    مجموعة من الأشخاص يمشون على الرصيف

Processing 23/100: 488549693_a1f51d8c4a.jpg
  ar_from_en...
    أطفال يلعبون على شاطئ البحر
  ar_from_ar...
    يتجول طفلان صغيران على شاطئ البحر
  en_from_en...
    Two children, a boy in a red shirt and a girl in a white shi...
  en_from_ar...
    صبي وفتاة يمشيان على الشاطئ مع أشجار تظهر في الماء

Processing 24/100: 3336831820_5c5df4b033.jpg
  ar_from_en...
    مجموعة من الأشخاص يقفون في غرفة، يتحدثون ويستمتعون بعرض صور
  ar_from_ar...
    مجموعة من الأشخاص يقفون في غرفة، يتحدثون ويستمتعون ببعضهم ال...
  en_from_en...
    A group of people are gathered in a room with photographs on...
  en_from_ar...
    مجموعة من الأشخاص يقفون حول جدار يحتوي على صور مؤطرة

Processing 25/100: 2642688531_8fb68b2147.jpg
  ar_from_en...
    صبي صغير ينزلق من منحدر أصفر في حديقة مائية
  ar_from_ar...
    صبي صغير ينزل من ممر مائي أصفر في حديقة مائية
  en_from_en...
    A young boy in a yellow shirt slides down a yellow tube slid...
  en_from_ar...
    صبي صغير يخرج من نفق أصفر في حديقة مائية

Processing 26/100: 254475194_3d8f4dfd53.jpg
  ar_from_en...
    كلب يلعب في الفناء الخلفي مع صاحبه
  ar_from_ar...
    رجل يرتدي ملابس خضراء يقف في حقل عشبي بجوار كلب أسود
  en_from_en...
    A woman in scrubs stands in a backyard with a dog, surrounde...
  en_from_ar...
    رجل يرتدي زيًا أخضر يقف في حقل عشبي بجوار كلب أسود

Processing 27/100: 1313961775_824b87d155.jpg
  ar_from_en...
    طفل يرتدي سترة نجاة يسبح في الماء
  ar_from_ar...
    طفل يرتدي سترة نجاة حمراء يسبح في مياه ضحلة
  en_from_en...
    A young girl in a red life jacket and pink shorts floats in ...
  en_from_ar...
    فتاة صغيرة ترتدي سترة نجاة حمراء تسبح في مياه ضحلة

Processing 28/100: 3524519277_bd0c3e7382.jpg
  ar_from_en...
    رجال الشرطة يتحدثون إلى رجل يحمل زجاجة بيرة
  ar_from_ar...
    رجل يحمل زجاجة بيرة يتحدث مع ضباط شرطة
  en_from_en...
    Two police officers in uniform are conversing with a man hol...
  en_from_ar...
    رجل يحمل زجاجة بيرة يتحدث إلى ضباط شرطة

Processing 29/100: 1714316707_8bbaa2a2ba.jpg
  ar_from_en...
    رجل واقف في الثلج مع شجرة مغطاة بالثلج خلفه
  ar_from_ar...
    رجل يرتدي سترة حمراء وسروال جينز أزرق وحذاء أسود واقف في الث...
  en_from_en...
    A woman in a red jacket stands in a snowy forest
  en_from_ar...
    رجل يرتدي سترة حمراء وسروال جينز أزرق واقف في الثلج

Processing 30/100: 3471841031_a949645ba8.jpg
  ar_from_en...
    عائلة تستمتع بوقتها في حديقة
  ar_from_ar...
    عائلة تستمتع بيوم في الحديقة مع طيور الحمام
  en_from_en...
    A family with a baby stroller and a sleeping man on a park b...
  en_from_ar...
    رجل يرتدي سترة سوداء يجلس على مقعد في حديقة
Progress: 30/100 images processed (30 successful)

Processing 31/100: 3490044563_8eb551ef59.jpg
  ar_from_en...
    فتاة ترتدي قناعاً وردية في ما يبدو أنه تجمع عام
  ar_from_ar...
    امرأة ترتدي قناع وجه وسترة سوداء فوق قميص مزخرف
  en_from_en...
    A woman wears a pink bow in her hair and a white face mask w...
  en_from_ar...
    امرأة ترتدي قناع وجه وردية وقميص مزخرف باللونين الأحمر والأب...

Processing 32/100: 2564663851_3a9832e4fc.jpg
  ar_from_en...
    صبي صغير يلعب في نافورة ماء
  ar_from_ar...
    صبي صغير يلعب في نافورة ماء
  en_from_en...
    A young boy plays in a fountain on a sunny day
  en_from_ar...
    صبي صغير يلعب في نافورة ماء

Processing 33/100: 3269380710_9161b0bd00.jpg
  ar_from_en...
    رجل يدخن سيجارة في الهواء الطلق
  ar_from_ar...
    رجل ذو شعر أحمر يدخن سيجارة بينما يرتدي سترة زرقاء
  en_from_en...
    A man with red hair and a beard is smoking a cigarette while...
  en_from_ar...
    رجل ذو شعر أحمر يدخن سيجارة بينما ينظر إلى الأسفل

Processing 34/100: 3677329561_fa3e1fdcf9.jpg
  ar_from_en...
    فتاتان تغسلان كلبهاما ذهبي اللون في ماء السيارة
  ar_from_ar...
    فتاتان تغسلان كلبًا ذهبيًا في ممر السيارة
  en_from_en...
    Two girls wash a golden retriever in front of a white car
  en_from_ar...
    فتاتان تغسلان كلبًا ذهبيًا في ممر السيارة

Processing 35/100: 1389264266_8170bc1c54.jpg
  ar_from_en...
    فتاتان ترتديان أزياء متناقضة تتحدثان في الهواء الطلق
  ar_from_ar...
    فتاتان ترتديان ملابس غير رسمية تتحدثان في الهواء الطلق
  en_from_en...
    Two young women in edgy outfits stand on a sidewalk, engaged...
  en_from_ar...
    فتاتان ترتديان ملابس متناقضة تتحدثان في الهواء الطلق

Processing 36/100: 2715035273_8fc8b1291c.jpg
  ar_from_en...
    أربعة أشخاص يمشون في شارع المدينة ليلاً
  ar_from_ar...
    تظهر الصورة أشخاصًا يمشون في شارع المدينة ليلاً
  en_from_en...
    A group of people are standing on a street corner
  en_from_ar...
    ثلاث نساء يمشين على الرصيف مع وجود مبنى يحمل لافتة حمراء في ...

Processing 37/100: 397451339_76a84bd310.jpg
  ar_from_en...
    فتاة تتحدث إلى رجل جالس على مقعد خشبي
  ar_from_ar...
    فتاتان ترتديان ملابس غير رسمية تتحدثان في الشارع
  en_from_en...
    A woman with long black hair stands on a sidewalk, facing a ...
  en_from_ar...
    شخصان يرتديان ملابس سوداء يواجهان بعضهما البعض

Processing 38/100: 253762507_9c3356c2f6.jpg
  ar_from_en...
    عمال النظافة يعملون على حمل القمامة في محطة مترو الأنفاق
  ar_from_ar...
    رجل يرتدي سترة برتقالية وسوداء يحمل حقيبة بلاستيكية حمراء
  en_from_en...
    A man in a green jacket is bending over a trash bag in a sub...
  en_from_ar...
    رجل يرتدي سترة أمان برتقالية وصفراء يحمل كيسًا بلاستيكيًا أح...

Processing 39/100: 2410399168_1462c422d4.jpg
  ar_from_en...
    كلاب السباق تجري في حقل عشبي
  ar_from_ar...
    كلبان من سلالة السلوقي يجريان ويقفزان في حقل عشبي
  en_from_en...
    Two tan greyhounds with black faces and necks race across a ...
  en_from_ar...
    كلبان أبيضان يجريان معًا في حقل عشبي

Processing 40/100: 3215238223_29de2b35cb.jpg
  ar_from_en...
    طاحونة هوائية تقليدية محاطة بمباني ملونة
  ar_from_ar...
    تظهر الصورة مبنى مطحنة الهواء الأيقونية مع مركبة متوقفة أمام...
  en_from_en...
    A skateboarder performs a trick in front of a traditional Du...
  en_from_ar...
    رجل يركب لوح التزلج على الرصيف أمام مبنى أبيض مع مصباح شارع
Progress: 40/100 images processed (40 successful)

Processing 41/100: 3041170372_c4376cd497.jpg
  ar_from_en...
    راكب دراجة هوائية يحلق في الهواء فوق منحدر صخري
  ar_from_ar...
    راكب دراجة يرتدي خوذة وقميصًا أحمر وأبيض يقفز فوق تلة صخرية
  en_from_en...
    A man performs an impressive mid-air jump on a mountain bike
  en_from_ar...
    راكب دراجة يرتدي خوذة زرقاء يقفز في الهواء على دراجة خضراء

Processing 42/100: 3054200086_657d4398e8.jpg
  ar_from_en...
    مباراة هوكي جليدي مكثفة تتكشف على الجليد
  ar_from_ar...
    تظهر الصورة لاعبين يتنافسان في مباراة هوكي على الجليد
  en_from_en...
    Two hockey players on the ice, one in white and one in black
  en_from_ar...
    لاعبان يلعبان الهوكي على الجليد، أحدهما يرتدي قميصًا أبيض وا...

Processing 43/100: 2845845721_d0bc113ff7.jpg
  ar_from_en...
    رجل وامرأة يلعبان بالفريسبي في حقل
  ar_from_ar...
    رجل وامرأة يلعبان بالفريسبي في حقل
  en_from_en...
    A man and woman are running in a field
  en_from_ar...
    رجل وامرأة يلعبان بالفريسبي في حقل

Processing 44/100: 3474985008_0a827cd340.jpg
  ar_from_en...
    راكب دراجة ينزلق على مسار ترابي في منطقة غابية
  ar_from_ar...
    رجل يرتدي خوذة زرقاء يركب دراجة هوائية بيضاء على مسار ترابي
  en_from_en...
    A man in a blue helmet and yellow shirt rides a white bicycl...
  en_from_ar...
    رجل يرتدي خوذة زرقاء يركب دراجة على مسار ترابي

Processing 45/100: 3518608016_46453d8b18.jpg
  ar_from_en...
    امرأة تلمس قردًا في بيئة خارجية
  ar_from_ar...
    امرأة تجلس على الأرض مع قرد في حديقة
  en_from_en...
    A woman in a black tank top and green shorts crouches on a s...
  en_from_ar...
    امرأة تجلس على الأرض مع قرد في حديقة

Processing 46/100: 449287870_f17fb825d7.jpg
  ar_from_en...
    فتاة صغيرة تلعب على معدات الملعب
  ar_from_ar...
    فتاة صغيرة ترتدي سترة وردية وسروالاً بنفسجياً تلعب على معدات...
  en_from_en...
    A young girl in a pink hoodie stands on a playground structu...
  en_from_ar...
    فتاة صغيرة ترتدي سترة وردية وسروال أرجواني تسير على ملعب معد...

Processing 47/100: 3582814058_564776f26c.jpg
  ar_from_en...
    عائلة تتخذ وضعية أمام جدار مغطى بالكتابات الجدارية
  ar_from_ar...
    تظهر الصورة مجموعة من الأشخاص واقفين أمام جدار مغطى بالكتابا...
  en_from_en...
    A family poses in front of a graffiti-covered wall
  en_from_ar...
    عائلة ترتدي ملابس غير رسمية تقف أمام جدار مغطى بالكتابات الج...

Processing 48/100: 519754987_51861fea85.jpg
  ar_from_en...
    امرأة تركب دراجة بجانب سيارة
  ar_from_ar...
    امرأة تركب دراجة بجانب سيارة في شارع مزدحم
  en_from_en...
    A woman in a green shirt rides a bike next to a car
  en_from_ar...
    امرأة ترتدي قميصًا أخضر تسير بجانب سيارة

Processing 49/100: 2862931640_2501bd36c5.jpg
  ar_from_en...
    تظهر الصورة راكب دراجة هوائية يقفز فوق حشد من الناس
  ar_from_ar...
    تظهر الصورة راكب دراجة يؤدي حيلة في الهواء بينما يشاهد مجموع...
  en_from_en...
    A group of young people celebrate with a man performing a bi...
  en_from_ar...
    راكب دراجة يقفز فوق حشد من الناس

Processing 50/100: 539705321_99406e5820.jpg
  ar_from_en...
    أطفال يلعبون كرة القدم في حقل
  ar_from_ar...
    أطفال يلعبون كرة القدم في حقل
  en_from_en...
    A group of children play soccer on a sunny day
  en_from_ar...
    أطفال يلعبون كرة القدم في حقل عشبي
Progress: 50/100 images processed (50 successful)

Processing 51/100: 2344412916_9a5a9b1c82.jpg
  ar_from_en...
    رجل يمارس التزلج على العجلات في حديقة
  ar_from_ar...
    رجل يرتدي قبعة وقميص أزرق يمارس التزلج على العجلات في حديقة
  en_from_en...
    A man wearing a blue shirt and red hat is rollerblading on a...
  en_from_ar...
    رجل يرتدي قبعة حمراء يركب لوح التزلج في حديقة

Processing 52/100: 2424976964_98f58a0618.jpg
  ar_from_en...
    تظهر الصورة أربع فتيات يمشين معًا، بينما يركب رجل دراجة خلفه...
  ar_from_ar...
    تظهر الصورة أربع فتيات يمشين على الرصيف، مع وجود سيارة سوداء...
  en_from_en...
    Four women walk down a street while a man rides a bicycle ne...
  en_from_ar...
    تظهر الصورة أربع فتيات يمشين معًا، بينما يركب رجل دراجة خلفه...

Processing 53/100: 3368865171_597d51cdd5.jpg
  ar_from_en...
    امرأة تؤدي على الدراجة الوحيدة في عرض
  ar_from_ar...
    تظهر الصورة امرأة تركب دراجة واحدة بينما يشاهد الناس
  en_from_en...
    A woman rides a unicycle while a crowd watches
  en_from_ar...
    امرأة تؤدي على الدراجة الوحيدة في مهرجان

Processing 54/100: 3494105596_f05cb0d56f.jpg
  ar_from_en...
    رجل يركل كرة قدم على سطح حصوي
  ar_from_ar...
    رجل يرتدي قميصًا أبيض وشورتًا أحمر يلعب كرة القدم في حقل ترا...
  en_from_en...
    A young man in a white t-shirt and red shorts is kicking a s...
  en_from_ar...
    رجل يرتدي قميصًا أبيض وشورتًا أحمر يركل كرة قدم بيضاء على مل...

Processing 55/100: 2394922193_310166d6af.jpg
  ar_from_en...
    امرأة تمارس التزلج على العجلات في الشارع
  ar_from_ar...
    امرأة ترتدي قميصًا أحمر وسروالًا بنيًا تمارس التزلج على العج...
  en_from_en...
    A woman in a red shirt and white hat rollerblades in front o...
  en_from_ar...
    امرأة ترتدي قميصًا أحمر وقبعة بيضاء تمارس التزلج على العجلات...

Processing 56/100: 1402843760_d30f1dbf0f.jpg
  ar_from_en...
    كلب بودل أبيض يلعب في العشب
  ar_from_ar...
    كلب بودل أبيض يقف بين عمودين مخططين بألوان متنوعة
  en_from_en...
    A fluffy white dog balances on a colorful pole in a grassy f...
  en_from_ar...
    كلب بودل أبيض يقف بين عمودين مخططين بألوان متنوعة

Processing 57/100: 3461041826_0e24cdf597.jpg
  ar_from_en...
    كلب أبيض يجري في نهر
  ar_from_ar...
    كلب أبيض يقف في مجرى مائي ضحل مع أوراق خضراء على ضفافه
  en_from_en...
    A playful dog splashes through a shallow creek
  en_from_ar...
    كلب أبيض يقف في مجرى مائي ضحل مع مياه صافية

Processing 58/100: 1294578091_2ad02fea91.jpg
  ar_from_en...
    فنان يرسم امرأة ترتدي قبعة حمراء
  ar_from_ar...
    تظهر الصورة مشهداً حضرياً مزدحماً مع رجل يتحدث على الهاتف، و...
  en_from_en...
    A woman sits on a sidewalk with an easel displaying a painti...
  en_from_ar...
    امرأة ترسم صورة لامرأة أخرى

Processing 59/100: 3356938707_d95ba97430.jpg
  ar_from_en...
    رجلان يرتديان نظارات يقفان أمام متجر سبرينغفيلد
  ar_from_ar...
    رجلان يرتديان نظارات يقفان أمام متجر سبرينغفيلد
  en_from_en...
    Two men pose in front of a Springfield clothing store
  en_from_ar...
    رجلان يرتديان نظارات يقفان أمام متجر سبرينغفيلد

Processing 60/100: 491600485_26c52c8816.jpg
  ar_from_en...
    كلب يقفز لالتقاط كرة في حقل عشبي
  ar_from_ar...
    كلب أسود يقف على ساقيه الخلفيتين يحاول الإمساك بكرة تنس خضرا...
  en_from_en...
    A black dog eagerly awaits catching a green tennis ball in a...
  en_from_ar...
    كلب أسود يقف على ساقيه الخلفيتين يحاول الإمساك بكرة تنس خضرا...
Progress: 60/100 images processed (60 successful)

Processing 61/100: 344078103_4b23931ce5.jpg
  ar_from_en...
    كلاب سوداء تلعب في الثلج
  ar_from_ar...
    كلبان أسودان يلعبان في الثلج
  en_from_en...
    Two black Labrador Retrievers play in a snowy field
  en_from_ar...
    كلبان أسودان يلعبان في الثلج

Processing 62/100: 3577309234_c952c2af86.jpg
  ar_from_en...
    طائر يحلق في السماء فوق غابة كثيفة
  ar_from_ar...
    طائر رمادي يحلق في الهواء مع أوراق خضراء في الخلفية
  en_from_en...
    A graceful bird with a long beak soars through a lush green ...
  en_from_ar...
    طائر ذو ريش رمادي يحلق في الهواء مع أوراق خضراء في الخلفية

Processing 63/100: 3631474374_e40764d153.jpg
  ar_from_en...
    مجموعة من الشباب يشاركون في لعبة تفاعلية
  ar_from_ar...
    مجموعة من الأشخاص يقفون في دائرة، يمسكون بأيدي بعضهم البعض
  en_from_en...
    A group of people are gathered in a circle, holding hands an...
  en_from_ar...
    مجموعة من الأشخاص يقفون في دائرة، يمسكون بأيدي بعضهم البعض

Processing 64/100: 824923476_d85edce294.jpg
  ar_from_en...
    أوز ملونة في حقل عشبي
  ar_from_ar...
    أوز ملونة بألوان متنوعة تتجول في حقل عشبي
  en_from_en...
    A group of colorful ducks with distinctive black and white m...
  en_from_ar...
    خمسة بطات تجري في حقل عشبي

Processing 65/100: 3224227640_31865b3651.jpg
  ar_from_en...
    كلبان تلعبان معًا في حقل عشبي
  ar_from_ar...
    كلبان يلعبان معًا في حقل عشبي
  en_from_en...
    Two dogs playfully engaged in a grassy field
  en_from_ar...
    كلبان يلعبان معًا في حقل عشبي

Processing 66/100: 2095478050_736c4d2d28.jpg
  ar_from_en...
    يجلس رجل على مقعد مع طفل ويعزف على الجيتار
  ar_from_ar...
    يجلس رجل على مقعد مع طفل يعزف على الجيتار بينما يشاهد ثلاثة ...
  en_from_en...
    A man plays guitar on a stage while a young boy covers his e...
  en_from_ar...
    مجموعة موسيقية تؤدي على المسرح مع أطفال يشاهدون

Processing 67/100: 470887785_e0b1241d94.jpg
  ar_from_en...
    يوم تذكارية لأرمنيي
  ar_from_ar...
    تظهر الصورة امرأة تتحدث في مظاهرة مع لافتة تقول "24 أبريل، ذ...
  en_from_en...
    A woman speaks at a microphone while holding a sign about th...
  en_from_ar...
    تجمع احتجاجي يحمل لافتة تقول "الإبادة الجماعية الأرمنية" في ...

Processing 68/100: 2112921744_92bf706805.jpg
  ar_from_en...
    كلب أبيض يقف على تل عشبي
  ar_from_ar...
    كلب أبيض يقف على تل عشبي بجوار جبل
  en_from_en...
    A white dog stands on a grassy hillside with a rocky cliff b...
  en_from_ar...
    كلب أبيض يقف على تل عشبي مع جبال في الخلفية

Processing 69/100: 3638318149_b60450bfbe.jpg
  ar_from_en...
    راكب لوح التزلج يقوم بحيلة في الهواء
  ar_from_ar...
    رجل يمارس التزلج على اللوح في حديقة
  en_from_en...
    A boy performs a trick on a skateboard in a gazebo
  en_from_ar...
    رجل يرتدي قميصًا أسود يقفز على لوح تزلج

Processing 70/100: 944374205_fd3e69bfca.jpg
  ar_from_en...
    أطفال يلعبون كرة القدم في حقل
  ar_from_ar...
    مجموعة من الأولاد يلعبون كرة القدم في حقل عشبي
  en_from_en...
    A group of young boys play soccer on a grassy field
  en_from_ar...
    مجموعة من الأولاد يلعبون كرة القدم في حقل عشبي
Progress: 70/100 images processed (70 successful)

Processing 71/100: 2451114871_8617ae2f16.jpg
  ar_from_en...
    سباق الكلاب في الهواء الطلق
  ar_from_ar...
    تظهر الصورة سباقاً للكلاب مع أربعة كلاب تجري على مضمار ترابي
  en_from_en...
    Greyhounds racing on a dirt track, with one dog wearing a re...
  en_from_ar...
    كلاب سباق تجري حول الحلبة مع أرقام على صدرياتها

Processing 72/100: 872622575_ba1d3632cc.jpg
  ar_from_en...
    رجل يتدرب على تسلق الصخور في الهواء الطلق
  ar_from_ar...
    رجل يرتدي شورتات يتدرب على تسلق الجبال
  en_from_en...
    A shirtless climber scales a rugged cliff face, secured by a...
  en_from_ar...
    رجل يرتدي شورتات واقف على جدار صخري مع حبل أرجواني

Processing 73/100: 299178969_5ca1de8e40.jpg
  ar_from_en...
    صبي صغير يرتدي سترة جينز يلعب في الخارج
  ar_from_ar...
    صبي صغير ذو شعر أشقر يرتدي سترة جينز زرقاء يقف في حديقة
  en_from_en...
    A young boy with blonde hair smiles while standing in front ...
  en_from_ar...
    صبي صغير يرتدي سترة جينز زرقاء يقف في الخارج

Processing 74/100: 1119418776_58e4b93eac.jpg
  ar_from_en...
    كلب سويسري يجري في حقل أخضر
  ar_from_ar...
    كلب سويسري كبير يجري في حقل أخضر
  en_from_en...
    A happy dog runs through a field of tall grass
  en_from_ar...
    كلب سويسري كبير يجري في حقل من العشب الأخضر والزهور البنفسجي...

Processing 75/100: 2212472643_80238475b5.jpg
  ar_from_en...
    طفل صغير يرتدي بيجامة مموهة يلعب على أرضية خشبية
  ar_from_ar...
    طفل صغير يرتدي بيجامة مموهة يلعب على أرضية خشبية
  en_from_en...
    A baby in camouflage pajamas crawls on a hardwood floor
  en_from_ar...
    طفل صغير يرتدي بيجامة تمويه يركع على أرضية خشبية

Processing 76/100: 2484190118_e89363c465.jpg
  ar_from_en...
    صبي صغير يقف على سلة مهملات في شارع مرصوف بالحصى
  ar_from_ar...
    صبي صغير يقف على سلة مهملات في شارع مرصوف بالحصى
  en_from_en...
    A young boy stands on a gray trash can in a cobblestone stre...
  en_from_ar...
    صبي صغير يقف على سلة مهملات في شارع مرصوف بالحصى

Processing 77/100: 1096097967_ac305887b4.jpg
  ar_from_en...
    كلب يستمتع بحمام مائي ملون
  ar_from_ar...
    كلب أسود وأبيض يلعب في بركة مائية ملونة
  en_from_en...
    A black and white dog enjoys a refreshing splash of water on...
  en_from_ar...
    كلب أسود وأبيض يلعب في بركة مائية ملونة

Processing 78/100: 3516960094_87fb4889de.jpg
  ar_from_en...
    سيدة تشارك في مسابقة القفز
  ar_from_ar...
    تظهر الصورة امرأة تؤدي القفز الثلاثي في مسابقة، مع وجود متفر...
  en_from_en...
    A female athlete in a white and blue uniform is captured mid...
  en_from_ar...
    امرأة تؤدي القفز الثلاثي في مسابقة

Processing 79/100: 3430782104_34da558eba.jpg
  ar_from_en...
    رجل يركب حصاناً في حلبة روديو، ممسكاً بحبل لركل بقرة
  ar_from_ar...
    رجل يركب حصاناً يحاول ربط بقرة خلال حدث روديو
  en_from_en...
    A cowboy on horseback ropes a calf in a rodeo arena
  en_from_ar...
    رجل يركب حصانًا بنيًا في حلبة روديو

Processing 80/100: 3407357681_5aeaab5b59.jpg
  ar_from_en...
    كلب يجري في الماء على الشاطئ
  ar_from_ar...
    كلب بني يجري في الماء على الشاطئ
  en_from_en...
    A spirited dog frolics through shallow water, leaving a trai...
  en_from_ar...
    كلب بني وأبيض يجري في الماء على الشاطئ
Progress: 80/100 images processed (80 successful)

Processing 81/100: 3491013009_572cf2c18a.jpg
  ar_from_en...
    أطفال يرتدون قمصان متطابقة يشاهدون عرضاً
  ar_from_ar...
    تظهر الصورة فتاتين صغيرتين من الأمريكيين الأفارقة يرتديان قم...
  en_from_en...
    A young girl with face paint and a necklace stands in front ...
  en_from_ar...
    فتاة صغيرة ترتدي قلادة من الخرز الوردي ووجه مزين بطلاء وجه

Processing 82/100: 3301935788_2bb7bbc515.jpg
  ar_from_en...
    متزلج على الثلج يقفز في حديقة الثلج في ليفينغو
  ar_from_ar...
    متزلج على الثلج يقفز في الهواء فوق لافتة مكتوب عليها "حديقة ...
  en_from_en...
    A snowboarder performs a jump at the Snowpark Livigno
  en_from_ar...
    متزلج على الثلج يقفز فوق منحدر في حديقة الثلج في ليفينغو

Processing 83/100: 3650986674_3e101c606b.jpg
  ar_from_en...
    كلاب تلعب على الشاطئ مع شخص يمشي في الخلفية
  ar_from_ar...
    كلبان يلعبان على الشاطئ بينما يمشي شخص في المسافة
  en_from_en...
    Two dogs play on a wet, sandy beach with a person walking ne...
  en_from_ar...
    كلبان يجريان على الشاطئ مع شخص يرتدي الجينز في الخلفية

Processing 84/100: 3629664676_36bcefe6b7.jpg
  ar_from_en...
    كلب أسود يمسك بحبل أخضر
  ar_from_ar...
    كلب أسود يمسك بحبل أخضر في فمه
  en_from_en...
    A black Labrador Retriever holds a green braided rope in its...
  en_from_ar...
    كلب أسود يسحب على حبل أخضر من خلال مقبض أسود

Processing 85/100: 3506216254_04d119cac7.jpg
  ar_from_en...
    رجل يدخن سيجارة في الشارع
  ar_from_ar...
    رجل يدخن سيجارة في الشارع
  en_from_en...
    A stylish man with a beard and sunglasses stands in a bustli...
  en_from_ar...
    رجل يدخن سيجارة في الشارع

Processing 86/100: 2926595608_69b22be8d4.jpg
  ar_from_en...
    لقطة مثيرة للاعبين في الهواء أثناء محاولة لتسجيل نقطة في مبا...
  ar_from_ar...
    تظهر الصورة مباراة كرة سلة جارية مع لاعبين من فريقين مختلفين...
  en_from_en...
    A basketball game in progress with players from the Breakers...
  en_from_ar...
    لاعبو كرة السلة يقفزون لالتقاط الكرة في الهواء

Processing 87/100: 3097776588_312932e438.jpg
  ar_from_en...
    رجلان يقفان قريبين من بعضهما، كلاهما مبتسم
  ar_from_ar...
    رجلان يقفان قريبين من بعضهما، كلاهما مبتسمان
  en_from_en...
    Two smiling men pose for a photo with their foreheads touchi...
  en_from_ar...
    رجلان يقفان قريبين من بعضهما البعض، كلاهما مبتسم، مع خلفية ب...

Processing 88/100: 3621647714_fc67ab2617.jpg
  ar_from_en...
    رجل يتزلج على الثلج في منظر جبلي جميل
  ar_from_ar...
    رجل يرتدي سترة سوداء وسروالاً داكناً يقف على تل مغطى بالثلوج...
  en_from_en...
    A lone hiker stands on a snowy trail, gazing at a vast mount...
  en_from_ar...
    رجل يرتدي سترة سوداء وسروالًا أسود يقف على تل مغطى بالثلوج م...

Processing 89/100: 527288854_f26127b770.jpg
  ar_from_en...
    امرأة تتدرب على تسلق الصخور
  ar_from_ar...
    امرأة ترتدي خوذة صفراء تتدرب على تسلق الصخور
  en_from_en...
    A woman rock climber scales a steep cliff while wearing a ye...
  en_from_ar...
    امرأة ترتدي خوذة صفراء تتدرب على تسلق الصخور

Processing 90/100: 321229104_3cbaf0f51c.jpg
  ar_from_en...
    رجل وحيد يقف على جبل مغطى بالثلوج
  ar_from_ar...
    رجل واقف على جبل مغطى بالثلوج
  en_from_en...
    A lone figure stands amidst a vast, jagged ice field
  en_from_ar...
    رجل واقف على جبل مغطى بالثلوج مع جبال مغطاة بالثلوج في الخلف...
Progress: 90/100 images processed (90 successful)

Processing 91/100: 2609836649_b55831ed41.jpg
  ar_from_en...
    كلب يسبح في بركة سباحة
  ar_from_ar...
    كلب صغير بني وأبيض يسبح في بركة سباحة زرقاء
  en_from_en...
    A small dog with a white stripe swims in a blue kiddie pool
  en_from_ar...
    كلب بني وأبيض يسبح في حوض سباحة أزرق

Processing 92/100: 3466353172_deb128bbb0.jpg
  ar_from_en...
    كلب ذهبي رطب يجري على الشاطئ
  ar_from_ar...
    كلب ذهبي رطب يجري على الشاطئ
  en_from_en...
    A golden retriever runs joyfully along a sandy beach
  en_from_ar...
    كلب ذهبي رطب يجري على الشاطئ

Processing 93/100: 440737340_5af34ca9cf.jpg
  ar_from_en...
    رجل يحمل صندوقاً أسود بينما يقف بجوار كلب أسود
  ar_from_ar...
    رجل يرتدي قميصاً أصفر وقبعة رمادية يحمل صندوقاً أسود بينما ي...
  en_from_en...
    A man in a yellow and blue tank top stands next to a black b...
  en_from_ar...
    رجل يرتدي نظارات شمسية حمراء يحمل صندوقًا أسود

Processing 94/100: 3665179773_dd217416fc.jpg
  ar_from_en...
    تلتقط الصورة لحظة من الفرح بين امرأتين في حدث ركوب الدراجات
  ar_from_ar...
    تلتقط الصورة امرأتين مبتسمتين في حديقة، مع دراجات وراكبي درا...
  en_from_en...
    Two women embrace at a cycling event
  en_from_ar...
    فتاتان ترتديان قمصانًا بيضاء وحمراء تتبادلان التقبيل في حديق...

Processing 95/100: 3565021218_d2bc1aa644.jpg
  ar_from_en...
    فتاة صغيرة ترتدي فستاناً أصفر تبتسم على سرير مزين بالزهور
  ar_from_ar...
    فتاة صغيرة ترتدي فستانًا أصفر وصنادل بيضاء مستلقية على سرير ...
  en_from_en...
    A young girl in a yellow dress lies on a bed surrounded by f...
  en_from_ar...
    فتاة صغيرة ترتدي فستانًا أصفر وصنادل بيضاء مستلقية على سرير ...

Processing 96/100: 2271955077_0020b4ee0d.jpg
  ar_from_en...
    متزلج على الثلج يقفز في الهواء
  ar_from_ar...
    متزلج على الثلج يقفز في الهواء
  en_from_en...
    A snowboarder in a white snowsuit performs a jump against a ...
  en_from_ar...
    متزلج على الثلج يرتدي بدلة بيضاء يقفز في الهواء

Processing 97/100: 2528552898_9e49a7033f.jpg
  ar_from_en...
    سباق سيارات على طريق مبلل مع وجود متفرجين يشاهدون
  ar_from_ar...
    سباق سيارة صفراء وحمراء تدور على طريق مبلل محاط بحشد من المت...
  en_from_en...
    A yellow rally car with Pirelli tires races around a corner ...
  en_from_ar...
    سيارة سباق صفراء تحمل شعار بيريل على جانبها تتسابق على طريق ...

Processing 98/100: 3498417123_3eae6bbde6.jpg
  ar_from_en...
    مباراة ركبي بين فريقين
  ar_from_ar...
    تظهر الصورة مباراة ركبي مع لاعبين يرتدون قمصان حمراء وخضراء
  en_from_en...
    A rugby player in a red uniform is holding the ball while be...
  en_from_ar...
    رجل يرتدي قميصًا أصفر يشاهد مباراة ركبي

Processing 99/100: 278002875_d011ae9dc5.jpg
  ar_from_en...
    مجموعة من الأشخاص يتجولون في حديقة
  ar_from_ar...
    مجموعة من الأشخاص يقفون في حديقة
  en_from_en...
    A group of young people in a park, with trees showing autumn...
  en_from_ar...
    مجموعة من الأشخاص يقفون في حديقة مع أشجار بأوراق صفراء

Processing 100/100: 766061382_6c7ff514c4.jpg
  ar_from_en...
    صبي صغير يلعب بالماء في حديقة خلفية
  ar_from_ar...
    طفل يلعب بالماء في حديقة
  en_from_en...
    A joyful toddler with wet hair and a big smile stands in a s...
  en_from_ar...
    صبي صغير بلا قميص يبتسم ويرفع ذراعيه بينما يقف في مطر مائي
Progress: 100/100 images processed (100 successful)

==================================================
Processing Complete!
Total images: 100
Successful: 100
Failed: 0
Results saved to: ./ain_arabic_captions.csv
==================================================
